{"D:\\Repos\\FrankoWebSiteBack\\project\\controllers\\postsController\\createPost.js": {"path":"D:\\Repos\\FrankoWebSiteBack\\project\\controllers\\postsController\\createPost.js","statementMap":{"0":{"start":{"line":1,"column":25},"end":{"line":1,"column":61}},"1":{"start":{"line":2,"column":25},"end":{"line":2,"column":45}},"2":{"start":{"line":3,"column":15},"end":{"line":3,"column":32}},"3":{"start":{"line":4,"column":19},"end":{"line":4,"column":43}},"4":{"start":{"line":5,"column":0},"end":{"line":5,"column":27}},"5":{"start":{"line":7,"column":0},"end":{"line":11,"column":3}},"6":{"start":{"line":13,"column":16},"end":{"line":13,"column":38}},"7":{"start":{"line":15,"column":15},"end":{"line":27,"column":22}},"8":{"start":{"line":18,"column":33},"end":{"line":18,"column":73}},"9":{"start":{"line":19,"column":8},"end":{"line":24,"column":9}},"10":{"start":{"line":20,"column":12},"end":{"line":20,"column":27}},"11":{"start":{"line":22,"column":12},"end":{"line":22,"column":91}},"12":{"start":{"line":23,"column":12},"end":{"line":23,"column":54}},"13":{"start":{"line":29,"column":0},"end":{"line":101,"column":2}},"14":{"start":{"line":30,"column":4},"end":{"line":100,"column":7}},"15":{"start":{"line":31,"column":8},"end":{"line":42,"column":9}},"16":{"start":{"line":32,"column":31},"end":{"line":32,"column":68}},"17":{"start":{"line":33,"column":12},"end":{"line":39,"column":13}},"18":{"start":{"line":34,"column":16},"end":{"line":34,"column":63}},"19":{"start":{"line":35,"column":19},"end":{"line":39,"column":13}},"20":{"start":{"line":36,"column":16},"end":{"line":36,"column":97}},"21":{"start":{"line":37,"column":19},"end":{"line":39,"column":13}},"22":{"start":{"line":38,"column":16},"end":{"line":38,"column":84}},"23":{"start":{"line":40,"column":12},"end":{"line":40,"column":154}},"24":{"start":{"line":41,"column":12},"end":{"line":41,"column":67}},"25":{"start":{"line":44,"column":8},"end":{"line":47,"column":9}},"26":{"start":{"line":45,"column":12},"end":{"line":45,"column":166}},"27":{"start":{"line":46,"column":12},"end":{"line":46,"column":95}},"28":{"start":{"line":49,"column":8},"end":{"line":99,"column":9}},"29":{"start":{"line":50,"column":28},"end":{"line":63,"column":14}},"30":{"start":{"line":51,"column":16},"end":{"line":62,"column":19}},"31":{"start":{"line":52,"column":20},"end":{"line":61,"column":39}},"32":{"start":{"line":58,"column":28},"end":{"line":59,"column":60}},"33":{"start":{"line":58,"column":39},"end":{"line":58,"column":53}},"34":{"start":{"line":59,"column":33},"end":{"line":59,"column":60}},"35":{"start":{"line":65,"column":30},"end":{"line":65,"column":56}},"36":{"start":{"line":67,"column":12},"end":{"line":95,"column":13}},"37":{"start":{"line":68,"column":121},"end":{"line":68,"column":129}},"38":{"start":{"line":69,"column":16},"end":{"line":71,"column":17}},"39":{"start":{"line":70,"column":20},"end":{"line":70,"column":94}},"40":{"start":{"line":73,"column":32},"end":{"line":86,"column":18}},"41":{"start":{"line":88,"column":34},"end":{"line":88,"column":54}},"42":{"start":{"line":89,"column":31},"end":{"line":89,"column":44}},"43":{"start":{"line":90,"column":16},"end":{"line":90,"column":89}},"44":{"start":{"line":91,"column":16},"end":{"line":91,"column":82}},"45":{"start":{"line":93,"column":16},"end":{"line":93,"column":129}},"46":{"start":{"line":94,"column":16},"end":{"line":94,"column":91}},"47":{"start":{"line":97,"column":12},"end":{"line":97,"column":69}},"48":{"start":{"line":98,"column":12},"end":{"line":98,"column":116}}},"fnMap":{"0":{"name":"(anonymous_0)","decl":{"start":{"line":17,"column":16},"end":{"line":17,"column":17}},"loc":{"start":{"line":17,"column":40},"end":{"line":25,"column":5}},"line":17},"1":{"name":"(anonymous_1)","decl":{"start":{"line":29,"column":28},"end":{"line":29,"column":29}},"loc":{"start":{"line":29,"column":42},"end":{"line":101,"column":1}},"line":29},"2":{"name":"(anonymous_2)","decl":{"start":{"line":30,"column":21},"end":{"line":30,"column":22}},"loc":{"start":{"line":30,"column":41},"end":{"line":100,"column":5}},"line":30},"3":{"name":"(anonymous_3)","decl":{"start":{"line":50,"column":42},"end":{"line":50,"column":43}},"loc":{"start":{"line":50,"column":50},"end":{"line":63,"column":13}},"line":50},"4":{"name":"(anonymous_4)","decl":{"start":{"line":51,"column":35},"end":{"line":51,"column":36}},"loc":{"start":{"line":51,"column":56},"end":{"line":62,"column":17}},"line":51},"5":{"name":"(anonymous_5)","decl":{"start":{"line":57,"column":24},"end":{"line":57,"column":25}},"loc":{"start":{"line":57,"column":43},"end":{"line":60,"column":25}},"line":57}},"branchMap":{"0":{"loc":{"start":{"line":19,"column":8},"end":{"line":24,"column":9}},"type":"if","locations":[{"start":{"line":19,"column":8},"end":{"line":24,"column":9}},{"start":{"line":21,"column":15},"end":{"line":24,"column":9}}],"line":19},"1":{"loc":{"start":{"line":31,"column":8},"end":{"line":42,"column":9}},"type":"if","locations":[{"start":{"line":31,"column":8},"end":{"line":42,"column":9}},{"start":{},"end":{}}],"line":31},"2":{"loc":{"start":{"line":31,"column":12},"end":{"line":31,"column":52}},"type":"binary-expr","locations":[{"start":{"line":31,"column":12},"end":{"line":31,"column":45}},{"start":{"line":31,"column":49},"end":{"line":31,"column":52}}],"line":31},"3":{"loc":{"start":{"line":33,"column":12},"end":{"line":39,"column":13}},"type":"if","locations":[{"start":{"line":33,"column":12},"end":{"line":39,"column":13}},{"start":{"line":35,"column":19},"end":{"line":39,"column":13}}],"line":33},"4":{"loc":{"start":{"line":35,"column":19},"end":{"line":39,"column":13}},"type":"if","locations":[{"start":{"line":35,"column":19},"end":{"line":39,"column":13}},{"start":{"line":37,"column":19},"end":{"line":39,"column":13}}],"line":35},"5":{"loc":{"start":{"line":37,"column":19},"end":{"line":39,"column":13}},"type":"if","locations":[{"start":{"line":37,"column":19},"end":{"line":39,"column":13}},{"start":{},"end":{}}],"line":37},"6":{"loc":{"start":{"line":44,"column":8},"end":{"line":47,"column":9}},"type":"if","locations":[{"start":{"line":44,"column":8},"end":{"line":47,"column":9}},{"start":{},"end":{}}],"line":44},"7":{"loc":{"start":{"line":44,"column":12},"end":{"line":44,"column":48}},"type":"binary-expr","locations":[{"start":{"line":44,"column":12},"end":{"line":44,"column":22}},{"start":{"line":44,"column":26},"end":{"line":44,"column":48}}],"line":44},"8":{"loc":{"start":{"line":58,"column":28},"end":{"line":59,"column":60}},"type":"if","locations":[{"start":{"line":58,"column":28},"end":{"line":59,"column":60}},{"start":{"line":59,"column":33},"end":{"line":59,"column":60}}],"line":58},"9":{"loc":{"start":{"line":67,"column":12},"end":{"line":95,"column":13}},"type":"if","locations":[{"start":{"line":67,"column":12},"end":{"line":95,"column":13}},{"start":{"line":92,"column":19},"end":{"line":95,"column":13}}],"line":67},"10":{"loc":{"start":{"line":67,"column":16},"end":{"line":67,"column":72}},"type":"binary-expr","locations":[{"start":{"line":67,"column":16},"end":{"line":67,"column":42}},{"start":{"line":67,"column":46},"end":{"line":67,"column":72}}],"line":67},"11":{"loc":{"start":{"line":69,"column":16},"end":{"line":71,"column":17}},"type":"if","locations":[{"start":{"line":69,"column":16},"end":{"line":71,"column":17}},{"start":{},"end":{}}],"line":69},"12":{"loc":{"start":{"line":69,"column":20},"end":{"line":69,"column":128}},"type":"binary-expr","locations":[{"start":{"line":69,"column":20},"end":{"line":69,"column":29}},{"start":{"line":69,"column":33},"end":{"line":69,"column":48}},{"start":{"line":69,"column":52},"end":{"line":69,"column":72}},{"start":{"line":69,"column":76},"end":{"line":69,"column":85}},{"start":{"line":69,"column":89},"end":{"line":69,"column":104}},{"start":{"line":69,"column":108},"end":{"line":69,"column":128}}],"line":69}},"s":{"0":1,"1":1,"2":1,"3":1,"4":1,"5":1,"6":1,"7":1,"8":0,"9":0,"10":0,"11":0,"12":0,"13":1,"14":0,"15":0,"16":0,"17":0,"18":0,"19":0,"20":0,"21":0,"22":0,"23":0,"24":0,"25":0,"26":0,"27":0,"28":0,"29":0,"30":0,"31":0,"32":0,"33":0,"34":0,"35":0,"36":0,"37":0,"38":0,"39":0,"40":0,"41":0,"42":0,"43":0,"44":0,"45":0,"46":0,"47":0,"48":0},"f":{"0":0,"1":0,"2":0,"3":0,"4":0,"5":0},"b":{"0":[0,0],"1":[0,0],"2":[0,0],"3":[0,0],"4":[0,0],"5":[0,0],"6":[0,0],"7":[0,0],"8":[0,0],"9":[0,0],"10":[0,0],"11":[0,0],"12":[0,0,0,0,0,0]},"_coverageSchema":"1a1c01bbd47fc00a2c39e90264f33305004495a9","hash":"2cbd72f068dde55e1a485e6f17131534b6728297"}
,"D:\\Repos\\FrankoWebSiteBack\\project\\models\\contentModel.js": {"path":"D:\\Repos\\FrankoWebSiteBack\\project\\models\\contentModel.js","statementMap":{"0":{"start":{"line":1,"column":26},"end":{"line":1,"column":45}},"1":{"start":{"line":3,"column":15},"end":{"line":16,"column":2}},"2":{"start":{"line":18,"column":21},"end":{"line":18,"column":50}},"3":{"start":{"line":20,"column":0},"end":{"line":20,"column":34}}},"fnMap":{},"branchMap":{},"s":{"0":1,"1":1,"2":1,"3":1},"f":{},"b":{},"_coverageSchema":"1a1c01bbd47fc00a2c39e90264f33305004495a9","hash":"cd6d053c1fd882b580f9f65db65318e729d0ba20"}
}
