{"D:\\Repos\\FrankoWebSiteBack\\project\\controllers\\logger.js": {"path":"D:\\Repos\\FrankoWebSiteBack\\project\\controllers\\logger.js","statementMap":{"0":{"start":{"line":1,"column":22},"end":{"line":1,"column":52}},"1":{"start":{"line":4,"column":21},"end":{"line":8,"column":6}},"2":{"start":{"line":10,"column":4},"end":{"line":10,"column":26}},"3":{"start":{"line":13,"column":0},"end":{"line":13,"column":34}}},"fnMap":{"0":{"name":"loggerModule","decl":{"start":{"line":3,"column":15},"end":{"line":3,"column":27}},"loc":{"start":{"line":3,"column":44},"end":{"line":11,"column":1}},"line":3}},"branchMap":{},"s":{"0":1,"1":2,"2":2,"3":1},"f":{"0":2},"b":{},"_coverageSchema":"1a1c01bbd47fc00a2c39e90264f33305004495a9","hash":"0fbe7a028dd8469a1338bbc2bcc5e209eb59a0c6"}
,"D:\\Repos\\FrankoWebSiteBack\\project\\controllers\\usersController\\login.js": {"path":"D:\\Repos\\FrankoWebSiteBack\\project\\controllers\\usersController\\login.js","statementMap":{"0":{"start":{"line":1,"column":23},"end":{"line":1,"column":57}},"1":{"start":{"line":2,"column":25},"end":{"line":2,"column":45}},"2":{"start":{"line":3,"column":12},"end":{"line":3,"column":35}},"3":{"start":{"line":4,"column":15},"end":{"line":4,"column":32}},"4":{"start":{"line":6,"column":0},"end":{"line":39,"column":1}},"5":{"start":{"line":7,"column":4},"end":{"line":38,"column":5}},"6":{"start":{"line":8,"column":36},"end":{"line":8,"column":44}},"7":{"start":{"line":9,"column":8},"end":{"line":11,"column":9}},"8":{"start":{"line":10,"column":12},"end":{"line":10,"column":86}},"9":{"start":{"line":13,"column":21},"end":{"line":13,"column":56}},"10":{"start":{"line":15,"column":8},"end":{"line":17,"column":9}},"11":{"start":{"line":16,"column":12},"end":{"line":16,"column":80}},"12":{"start":{"line":19,"column":29},"end":{"line":19,"column":74}},"13":{"start":{"line":20,"column":8},"end":{"line":23,"column":9}},"14":{"start":{"line":21,"column":12},"end":{"line":21,"column":77}},"15":{"start":{"line":22,"column":12},"end":{"line":22,"column":80}},"16":{"start":{"line":25,"column":22},"end":{"line":31,"column":70}},"17":{"start":{"line":33,"column":8},"end":{"line":33,"column":67}},"18":{"start":{"line":34,"column":8},"end":{"line":34,"column":40}},"19":{"start":{"line":36,"column":8},"end":{"line":36,"column":65}},"20":{"start":{"line":37,"column":8},"end":{"line":37,"column":111}}},"fnMap":{"0":{"name":"(anonymous_0)","decl":{"start":{"line":6,"column":23},"end":{"line":6,"column":24}},"loc":{"start":{"line":6,"column":43},"end":{"line":39,"column":1}},"line":6}},"branchMap":{"0":{"loc":{"start":{"line":9,"column":8},"end":{"line":11,"column":9}},"type":"if","locations":[{"start":{"line":9,"column":8},"end":{"line":11,"column":9}},{"start":{},"end":{}}],"line":9},"1":{"loc":{"start":{"line":9,"column":12},"end":{"line":9,"column":31}},"type":"binary-expr","locations":[{"start":{"line":9,"column":12},"end":{"line":9,"column":18}},{"start":{"line":9,"column":22},"end":{"line":9,"column":31}}],"line":9},"2":{"loc":{"start":{"line":15,"column":8},"end":{"line":17,"column":9}},"type":"if","locations":[{"start":{"line":15,"column":8},"end":{"line":17,"column":9}},{"start":{},"end":{}}],"line":15},"3":{"loc":{"start":{"line":20,"column":8},"end":{"line":23,"column":9}},"type":"if","locations":[{"start":{"line":20,"column":8},"end":{"line":23,"column":9}},{"start":{},"end":{}}],"line":20}},"s":{"0":1,"1":1,"2":1,"3":1,"4":1,"5":3,"6":3,"7":3,"8":0,"9":3,"10":3,"11":1,"12":2,"13":2,"14":1,"15":1,"16":1,"17":1,"18":1,"19":0,"20":0},"f":{"0":3},"b":{"0":[0,3],"1":[3,3],"2":[1,2],"3":[1,1]},"_coverageSchema":"1a1c01bbd47fc00a2c39e90264f33305004495a9","hash":"18b0f1379ead7d2486166923742368205a691490"}
,"D:\\Repos\\FrankoWebSiteBack\\project\\models\\logsModel.js": {"path":"D:\\Repos\\FrankoWebSiteBack\\project\\models\\logsModel.js","statementMap":{"0":{"start":{"line":1,"column":26},"end":{"line":1,"column":45}},"1":{"start":{"line":3,"column":15},"end":{"line":7,"column":2}},"2":{"start":{"line":9,"column":18},"end":{"line":9,"column":43}},"3":{"start":{"line":11,"column":0},"end":{"line":11,"column":31}}},"fnMap":{},"branchMap":{},"s":{"0":1,"1":1,"2":1,"3":1},"f":{},"b":{},"_coverageSchema":"1a1c01bbd47fc00a2c39e90264f33305004495a9","hash":"e30c63bbed1529381be369a3275b31b5b326eff4"}
,"D:\\Repos\\FrankoWebSiteBack\\project\\models\\usersModel.js": {"path":"D:\\Repos\\FrankoWebSiteBack\\project\\models\\usersModel.js","statementMap":{"0":{"start":{"line":1,"column":26},"end":{"line":1,"column":45}},"1":{"start":{"line":3,"column":15},"end":{"line":8,"column":2}},"2":{"start":{"line":10,"column":19},"end":{"line":10,"column":45}},"3":{"start":{"line":12,"column":0},"end":{"line":12,"column":32}}},"fnMap":{},"branchMap":{},"s":{"0":1,"1":1,"2":1,"3":1},"f":{},"b":{},"_coverageSchema":"1a1c01bbd47fc00a2c39e90264f33305004495a9","hash":"397e8a1b83fb74c40811edb9cd758349978e2259"}
}
