TN:
SF:project\controllers\logger.js
FN:3,loggerModule
FNF:1
FNH:1
FNDA:1,loggerModule
DA:1,1
DA:4,1
DA:10,1
DA:13,1
LF:4
LH:4
BRF:0
BRH:0
end_of_record
TN:
SF:project\models\logsModel.js
FNF:0
FNH:0
DA:1,1
DA:3,1
DA:9,1
DA:11,1
LF:4
LH:4
BRF:0
BRH:0
end_of_record
TN:
SF:project\models\museumsModel.js
FNF:0
FNH:0
DA:1,1
DA:3,1
DA:13,1
DA:15,1
LF:4
LH:4
BRF:0
BRH:0
end_of_record
TN:
SF:project\tests\tests_museumsAPI\addMuseumNoFileUpload.js
FN:5,(anonymous_0)
FNF:1
FNH:1
FNDA:2,(anonymous_0)
DA:1,1
DA:2,1
DA:3,1
DA:5,1
DA:6,2
DA:7,2
DA:9,2
DA:10,2
DA:11,2
DA:12,1
DA:15,1
DA:25,1
DA:26,1
DA:27,1
DA:28,1
DA:30,0
DA:31,0
DA:34,0
DA:35,0
LF:19
LH:15
BRDA:9,0,0,2
BRDA:9,0,1,0
BRDA:9,1,0,2
BRDA:9,1,1,0
BRDA:11,2,0,1
BRDA:11,2,1,1
BRF:6
BRH:4
end_of_record
