TN:
SF:project\controllers\logger.js
FN:3,loggerModule
FNF:1
FNH:1
FNDA:3,loggerModule
DA:1,1
DA:2,1
DA:3,3
DA:4,3
DA:5,3
DA:6,3
DA:7,3
DA:8,3
DA:9,3
DA:10,3
DA:11,3
DA:12,1
DA:13,1
LF:13
LH:13
BRDA:3,0,0,3
BRF:1
BRH:1
end_of_record
TN:
SF:project\controllers\logsController\cleanLogs.js
FN:4,Object.<anonymous>.module.exports.cleanLogs
FNF:1
FNH:1
FNDA:3,Object.<anonymous>.module.exports.cleanLogs
DA:1,1
DA:2,1
DA:3,1
DA:4,1
DA:5,3
DA:6,3
DA:7,3
DA:8,1
DA:9,1
DA:10,1
DA:11,1
DA:12,1
DA:13,3
DA:14,3
DA:15,1
DA:16,1
DA:17,1
DA:18,3
LF:18
LH:18
BRDA:4,0,0,3
BRDA:7,1,0,1
BRDA:7,2,0,1
BRDA:14,3,0,1
BRF:4
BRH:4
end_of_record
TN:
SF:project\controllers\logsController\getLogs.js
FN:4,Object.<anonymous>.module.exports.getLogs
FNF:1
FNH:1
FNDA:3,Object.<anonymous>.module.exports.getLogs
DA:1,1
DA:2,1
DA:3,1
DA:4,1
DA:5,3
DA:6,3
DA:7,1
DA:8,1
DA:9,1
DA:10,0
DA:11,0
DA:12,1
DA:13,1
DA:14,1
DA:15,1
DA:16,1
DA:17,3
DA:18,3
DA:19,1
DA:20,1
DA:21,1
DA:22,3
LF:22
LH:20
BRDA:4,0,0,3
BRDA:6,1,0,1
BRDA:9,2,0,0
BRDA:18,3,0,1
BRF:4
BRH:3
end_of_record
TN:
SF:project\controllers\postsController\createPost.js
FN:17,fileFilter
FN:29,Object.<anonymous>.module.exports.createPost
FNF:2
FNH:1
FNDA:0,fileFilter
FNDA:2,Object.<anonymous>.module.exports.createPost
DA:1,1
DA:2,1
DA:3,1
DA:4,1
DA:5,1
DA:6,1
DA:7,1
DA:8,1
DA:9,1
DA:10,1
DA:11,1
DA:12,1
DA:13,1
DA:14,1
DA:15,1
DA:16,1
DA:17,1
DA:18,0
DA:19,0
DA:20,0
DA:21,0
DA:22,0
DA:23,0
DA:24,0
DA:25,1
DA:26,1
DA:27,1
DA:28,1
DA:29,1
DA:30,2
DA:31,2
DA:32,0
DA:33,0
DA:34,0
DA:35,0
DA:36,0
DA:37,0
DA:38,0
DA:39,0
DA:40,0
DA:41,0
DA:42,0
DA:43,2
DA:44,2
DA:45,0
DA:46,0
DA:47,0
DA:48,2
DA:49,2
DA:50,2
DA:51,2
DA:52,2
DA:53,2
DA:54,2
DA:55,2
DA:56,2
DA:57,2
DA:58,0
DA:59,0
DA:60,0
DA:61,2
DA:62,2
DA:63,2
DA:64,2
DA:65,2
DA:66,0
DA:67,2
DA:68,0
DA:69,0
DA:70,0
DA:71,0
DA:72,0
DA:73,0
DA:74,0
DA:75,0
DA:76,0
DA:77,0
DA:78,0
DA:79,0
DA:80,0
DA:81,0
DA:82,0
DA:83,0
DA:84,0
DA:85,0
DA:86,0
DA:87,0
DA:88,0
DA:89,0
DA:90,0
DA:91,0
DA:92,0
DA:93,0
DA:94,0
DA:95,0
DA:96,2
DA:97,0
DA:98,0
DA:99,0
DA:100,2
DA:101,2
LF:101
LH:45
BRDA:29,0,0,2
BRDA:30,1,0,2
BRDA:31,2,0,0
BRDA:44,3,0,0
BRDA:65,4,0,0
BRDA:67,5,0,0
BRDA:96,6,0,0
BRDA:50,7,0,2
BRDA:51,8,0,2
BRF:9
BRH:4
end_of_record
TN:
SF:project\controllers\postsController\deletePost.js
FN:12,Object.<anonymous>.module.exports.deletePost
FNF:1
FNH:1
FNDA:5,Object.<anonymous>.module.exports.deletePost
DA:1,1
DA:2,1
DA:3,1
DA:4,1
DA:5,1
DA:6,1
DA:7,1
DA:8,1
DA:9,1
DA:10,1
DA:11,1
DA:12,1
DA:13,5
DA:14,5
DA:15,3
DA:16,3
DA:17,1
DA:18,1
DA:19,2
DA:20,2
DA:21,3
DA:22,1
DA:23,1
DA:24,1
DA:25,1
DA:26,2
DA:27,2
DA:28,1
DA:29,1
DA:30,1
DA:31,0
DA:32,0
DA:33,0
DA:34,0
DA:35,5
DA:36,1
DA:37,1
DA:38,1
DA:39,5
DA:40,2
DA:41,2
DA:42,2
DA:43,5
LF:43
LH:39
BRDA:12,0,0,5
BRDA:14,1,0,4
BRDA:14,2,0,3
BRDA:16,3,0,1
BRDA:18,4,0,2
BRDA:21,5,0,1
BRDA:30,6,0,0
BRDA:35,7,0,1
BRDA:39,8,0,2
BRDA:25,9,0,2
BRF:10
BRH:9
end_of_record
TN:
SF:project\controllers\postsController\editPost.js
FN:17,fileFilter
FN:29,Object.<anonymous>.module.exports.editPost
FNF:2
FNH:1
FNDA:0,fileFilter
FNDA:2,Object.<anonymous>.module.exports.editPost
DA:1,1
DA:2,1
DA:3,1
DA:4,1
DA:5,1
DA:6,1
DA:7,1
DA:8,1
DA:9,1
DA:10,1
DA:11,1
DA:12,1
DA:13,1
DA:14,1
DA:15,1
DA:16,1
DA:17,1
DA:18,0
DA:19,0
DA:20,0
DA:21,0
DA:22,0
DA:23,0
DA:24,0
DA:25,1
DA:26,1
DA:27,1
DA:28,1
DA:29,1
DA:30,2
DA:31,2
DA:32,0
DA:33,0
DA:34,0
DA:35,0
DA:36,0
DA:37,0
DA:38,0
DA:39,0
DA:40,0
DA:41,0
DA:42,0
DA:43,2
DA:44,2
DA:45,2
DA:46,2
DA:47,0
DA:48,0
DA:49,2
DA:50,2
DA:51,0
DA:52,0
DA:53,0
DA:54,0
DA:55,0
DA:56,0
DA:57,0
DA:58,0
DA:59,0
DA:60,0
DA:61,0
DA:62,0
DA:63,0
DA:64,0
DA:65,0
DA:66,0
DA:67,0
DA:68,2
DA:69,0
DA:70,0
DA:71,0
DA:72,0
DA:73,0
DA:74,0
DA:75,0
DA:76,0
DA:77,0
DA:78,0
DA:79,0
DA:80,0
DA:81,0
DA:82,0
DA:83,0
DA:84,0
DA:85,0
DA:86,0
DA:87,0
DA:88,0
DA:89,0
DA:90,0
DA:91,2
DA:92,0
DA:93,0
DA:94,0
DA:95,0
DA:96,0
DA:97,0
DA:98,0
DA:99,0
DA:100,2
DA:101,0
DA:102,0
DA:103,0
DA:104,2
DA:105,2
LF:105
LH:35
BRDA:29,0,0,2
BRDA:30,1,0,2
BRDA:31,2,0,0
BRDA:46,3,0,0
BRDA:50,4,0,0
BRDA:68,5,0,0
BRDA:91,6,0,0
BRDA:100,7,0,0
BRF:8
BRH:2
end_of_record
TN:
SF:project\controllers\postsController\getPostAdmin.js
FN:5,Object.<anonymous>.module.exports.getPostAdmin
FNF:1
FNH:1
FNDA:6,Object.<anonymous>.module.exports.getPostAdmin
DA:1,1
DA:2,1
DA:3,1
DA:4,1
DA:5,1
DA:6,6
DA:7,6
DA:8,4
DA:9,4
DA:10,4
DA:11,1
DA:12,3
DA:13,3
DA:14,2
DA:15,2
DA:16,2
DA:17,1
DA:18,1
DA:19,1
DA:20,1
DA:21,3
DA:22,1
DA:23,1
DA:24,3
DA:25,6
DA:26,1
DA:27,1
DA:28,6
DA:29,1
DA:30,1
DA:31,1
DA:32,6
LF:32
LH:32
BRDA:5,0,0,6
BRDA:7,1,0,5
BRDA:7,2,0,4
BRDA:10,3,0,3
BRDA:10,4,0,1
BRDA:13,5,0,2
BRDA:16,6,0,1
BRDA:21,7,0,1
BRDA:25,8,0,1
BRDA:28,9,0,1
BRF:10
BRH:10
end_of_record
TN:
SF:project\controllers\postsController\getPosts.js
FN:5,Object.<anonymous>.module.exports.getPosts
FNF:1
FNH:1
FNDA:6,Object.<anonymous>.module.exports.getPosts
DA:1,1
DA:2,1
DA:3,1
DA:4,1
DA:5,1
DA:6,6
DA:7,6
DA:8,6
DA:9,6
DA:10,6
DA:11,2
DA:12,2
DA:13,2
DA:14,2
DA:15,2
DA:16,2
DA:17,2
DA:18,2
DA:19,2
DA:20,1
DA:21,1
DA:22,1
DA:23,1
DA:24,1
DA:25,1
DA:26,1
DA:27,1
DA:28,2
DA:29,2
DA:30,2
DA:31,1
DA:32,1
DA:33,1
DA:34,1
DA:35,6
DA:36,2
DA:37,2
DA:38,2
DA:39,1
DA:40,1
DA:41,1
DA:42,1
DA:43,1
DA:44,1
DA:45,1
DA:46,1
DA:47,1
DA:48,1
DA:49,1
DA:50,1
DA:51,3
DA:52,1
DA:53,1
DA:54,6
DA:55,1
DA:56,1
DA:57,1
DA:58,6
LF:58
LH:58
BRDA:5,0,0,6
BRDA:10,1,0,2
BRDA:11,2,0,0
BRDA:30,3,0,1
BRDA:35,4,0,3
BRDA:35,5,0,2
BRDA:38,6,0,1
BRDA:39,7,0,0
BRDA:51,8,0,1
BRDA:54,9,0,1
BRDA:19,10,0,1
BRDA:26,11,0,0
BRF:12
BRH:9
end_of_record
TN:
SF:project\controllers\usersController\auth.js
FN:1,Object.<anonymous>.module.exports.auth
FNF:1
FNH:1
FNDA:1,Object.<anonymous>.module.exports.auth
DA:1,1
DA:2,1
DA:3,1
DA:4,1
LF:4
LH:4
BRDA:1,0,0,1
BRF:1
BRH:1
end_of_record
TN:
SF:project\controllers\usersController\createAdmin.js
FN:5,Object.<anonymous>.module.exports.createAdmin
FNF:1
FNH:1
FNDA:5,Object.<anonymous>.module.exports.createAdmin
DA:1,1
DA:2,1
DA:3,1
DA:4,1
DA:5,1
DA:6,5
DA:7,5
DA:8,3
DA:9,3
DA:10,1
DA:11,1
DA:12,2
DA:13,2
DA:14,2
DA:15,1
DA:16,1
DA:17,1
DA:18,1
DA:19,1
DA:20,1
DA:21,1
DA:22,1
DA:23,1
DA:24,1
DA:25,1
DA:26,1
DA:27,1
DA:28,1
DA:29,1
DA:30,1
DA:31,5
DA:32,1
DA:33,1
DA:34,5
DA:35,5
DA:36,1
DA:37,1
DA:38,1
DA:39,5
LF:39
LH:39
BRDA:5,0,0,5
BRDA:7,1,0,3
BRDA:9,2,0,2
BRDA:9,3,0,2
BRDA:9,4,0,1
BRDA:11,5,0,2
BRDA:14,6,0,1
BRDA:31,7,0,1
BRDA:35,8,0,1
BRF:9
BRH:9
end_of_record
TN:
SF:project\controllers\usersController\getUsers.js
FN:4,Object.<anonymous>.module.exports.getUsers
FNF:1
FNH:1
FNDA:3,Object.<anonymous>.module.exports.getUsers
DA:1,1
DA:2,1
DA:3,1
DA:4,1
DA:5,3
DA:6,3
DA:7,1
DA:8,1
DA:9,1
DA:10,1
DA:11,1
DA:12,1
DA:13,3
DA:14,3
DA:15,1
DA:16,1
DA:17,1
DA:18,3
LF:18
LH:18
BRDA:4,0,0,3
BRDA:6,1,0,1
BRDA:14,2,0,1
BRF:3
BRH:3
end_of_record
TN:
SF:project\models\contentModel.js
FNF:0
FNH:0
DA:1,1
DA:2,1
DA:3,1
DA:4,1
DA:5,1
DA:6,1
DA:7,1
DA:8,1
DA:9,1
DA:10,1
DA:11,1
DA:12,1
DA:13,1
DA:14,1
DA:15,1
DA:16,1
DA:17,1
DA:18,1
DA:19,1
DA:20,1
LF:20
LH:20
BRF:0
BRH:0
end_of_record
TN:
SF:project\models\logsModel.js
FNF:0
FNH:0
DA:1,1
DA:2,1
DA:3,1
DA:4,1
DA:5,1
DA:6,1
DA:7,1
DA:8,1
DA:9,1
DA:10,1
DA:11,1
LF:11
LH:11
BRF:0
BRH:0
end_of_record
TN:
SF:project\models\usersModel.js
FNF:0
FNH:0
DA:1,1
DA:2,1
DA:3,1
DA:4,1
DA:5,1
DA:6,1
DA:7,1
DA:8,1
DA:9,1
DA:10,1
DA:11,1
DA:12,1
LF:12
LH:12
BRF:0
BRH:0
end_of_record
TN:
SF:project\router\apiWrapper\apiWrapper.js
FN:1,Object.<anonymous>.module.exports.apiWrapper
FNF:1
FNH:1
FNDA:2,Object.<anonymous>.module.exports.apiWrapper
DA:1,1
DA:2,2
DA:3,3
DA:4,3
DA:5,3
DA:6,2
DA:7,2
DA:8,2
DA:9,3
DA:10,2
LF:10
LH:10
BRDA:1,0,0,2
BRDA:2,1,0,3
BRDA:5,2,0,1
BRDA:5,3,0,2
BRF:4
BRH:4
end_of_record
