TN:
SF:project\controllers\logger.js
FN:3,loggerModule
FNF:1
FNH:1
FNDA:1,loggerModule
DA:1,1
DA:2,1
DA:3,1
DA:4,1
DA:5,1
DA:6,1
DA:7,1
DA:8,1
DA:9,1
DA:10,1
DA:11,1
DA:12,1
DA:13,1
LF:13
LH:13
BRDA:3,0,0,1
BRF:1
BRH:1
end_of_record
TN:
SF:project\controllers\logsController\cleanLogs.js
FN:4,Object.<anonymous>.module.exports.cleanLogs
FNF:1
FNH:1
FNDA:3,Object.<anonymous>.module.exports.cleanLogs
DA:1,1
DA:2,1
DA:3,1
DA:4,1
DA:5,3
DA:6,3
DA:7,3
DA:8,1
DA:9,1
DA:10,1
DA:11,1
DA:12,1
DA:13,3
DA:14,3
DA:15,1
DA:16,1
DA:17,1
DA:18,3
LF:18
LH:18
BRDA:4,0,0,3
BRDA:7,1,0,1
BRDA:7,2,0,1
BRDA:14,3,0,1
BRF:4
BRH:4
end_of_record
TN:
SF:project\controllers\logsController\getLogs.js
FN:4,Object.<anonymous>.module.exports.getLogs
FNF:1
FNH:1
FNDA:3,Object.<anonymous>.module.exports.getLogs
DA:1,1
DA:2,1
DA:3,1
DA:4,1
DA:5,3
DA:6,3
DA:7,1
DA:8,1
DA:9,1
DA:10,0
DA:11,0
DA:12,1
DA:13,1
DA:14,1
DA:15,1
DA:16,1
DA:17,3
DA:18,3
DA:19,1
DA:20,1
DA:21,1
DA:22,3
LF:22
LH:20
BRDA:4,0,0,3
BRDA:6,1,0,1
BRDA:9,2,0,0
BRDA:18,3,0,1
BRF:4
BRH:3
end_of_record
TN:
SF:project\models\logsModel.js
FNF:0
FNH:0
DA:1,1
DA:2,1
DA:3,1
DA:4,1
DA:5,1
DA:6,1
DA:7,1
DA:8,1
DA:9,1
DA:10,1
DA:11,1
LF:11
LH:11
BRF:0
BRH:0
end_of_record
TN:
SF:project\router\apiWrapper\apiWrapper.js
FN:1,Object.<anonymous>.module.exports.apiWrapper
FNF:1
FNH:1
FNDA:2,Object.<anonymous>.module.exports.apiWrapper
DA:1,1
DA:2,2
DA:3,3
DA:4,3
DA:5,3
DA:6,2
DA:7,2
DA:8,2
DA:9,3
DA:10,2
LF:10
LH:10
BRDA:1,0,0,2
BRDA:2,1,0,3
BRDA:5,2,0,1
BRDA:5,3,0,2
BRF:4
BRH:4
end_of_record
